0 verbose cli C:\Program Files\nodejs\node.exe C:\Users\hp\AppData\Roaming\npm\node_modules\npm\bin\npm-cli.js
1 info using npm@11.5.1
2 info using node@v22.16.0
3 silly config load:file:C:\Users\hp\AppData\Roaming\npm\node_modules\npm\npmrc
4 silly config load:file:C:\Users\hp\Desktop\Web-dev\React-Udemy\.npmrc
5 silly config load:file:C:\Users\hp\.npmrc
6 silly config load:file:C:\Users\hp\AppData\Roaming\npm\etc\npmrc
7 verbose title npm create vite@latest
8 verbose argv "create" "vite@latest"
9 verbose logfile logs-max:10 dir:C:\Users\hp\Desktop\Web-dev\React-Udemy\UsershpAppDataLocalTempnpm-cache\_logs\2025-08-03T05_24_17_685Z-
10 verbose logfile C:\Users\hp\Desktop\Web-dev\React-Udemy\UsershpAppDataLocalTempnpm-cache\_logs\2025-08-03T05_24_17_685Z-debug-0.log
11 silly logfile done cleaning log files
12 silly packumentCache heap:2197815296 maxSize:549453824 maxEntrySize:274726912
13 http fetch GET 200 https://registry.npmjs.org/create-vite 326ms (cache revalidated)
14 silly packumentCache heap:2197815296 maxSize:549453824 maxEntrySize:274726912
15 verbose cwd C:\Users\hp\Desktop\Web-dev\React-Udemy
16 verbose os Windows_NT 10.0.26100
17 verbose node v22.16.0
18 verbose npm  v11.5.1
19 verbose exit 0
20 info ok
