0 verbose cli C:\Program Files\nodejs\node.exe C:\Users\hp\AppData\Roaming\npm\node_modules\npm\bin\npm-cli.js
1 info using npm@11.5.1
2 info using node@v22.16.0
3 silly config load:file:C:\Users\hp\AppData\Roaming\npm\node_modules\npm\npmrc
4 silly config load:file:C:\Users\hp\Desktop\Web-dev\React-Udemy\.npmrc
5 silly config load:file:C:\Users\hp\.npmrc
6 silly config load:file:C:\Users\hp\AppData\Roaming\npm\etc\npmrc
7 verbose title npm create vite@latest
8 verbose argv "create" "vite@latest"
9 verbose logfile logs-max:10 dir:C:\Users\hp\Desktop\Web-dev\React-Udemy\UsershpAppDataLocalTempnpm-cache\_logs\2025-08-04T08_43_38_475Z-
10 verbose logfile C:\Users\hp\Desktop\Web-dev\React-Udemy\UsershpAppDataLocalTempnpm-cache\_logs\2025-08-04T08_43_38_475Z-debug-0.log
11 silly logfile done cleaning log files
12 silly packumentCache heap:2197815296 maxSize:549453824 maxEntrySize:274726912
13 http fetch GET 200 https://registry.npmjs.org/create-vite 227ms (cache revalidated)
14 silly packumentCache heap:2197815296 maxSize:549453824 maxEntrySize:274726912
15 http fetch GET 200 https://registry.npmjs.org/npm 454ms
16 verbose cwd C:\Users\hp\Desktop\Web-dev\React-Udemy
17 verbose os Windows_NT 10.0.26100
18 verbose node v22.16.0
19 verbose npm  v11.5.1
20 notice
20 notice New [36mpatch[39m version of npm available! [36m11.5.1[39m -> [34m11.5.2[39m
20 notice Changelog: [34mhttps://github.com/npm/cli/releases/tag/v11.5.2[39m
20 notice To update run: [4mnpm install -g npm@11.5.2[24m
20 notice  { force: true, [Symbol(proc-log.meta)]: true }
21 verbose exit 0
22 info ok
